<?xml version="1.0" encoding="UTF-8"?>
<!-- Generated by org.testng.reporters.JUnitXMLReporter -->
<testsuite hostname="Bas" name="Default test" tests="6" failures="0" timestamp="7 Jun 2016 09:36:42 GMT" time="5.155" errors="0">
  <testcase name="checkResponseCodeForCorrectRequest" time="3.339" classname="com.ontestautomation.restassured.workshop.answers.RestAssuredExercises1"/>
  <testcase name="checkResponseCodeForIncorrectRequest" time="0.068" classname="com.ontestautomation.restassured.workshop.answers.RestAssuredExercises1"/>
  <testcase name="checkResponseContentTypeJson" time="0.098" classname="com.ontestautomation.restassured.workshop.answers.RestAssuredExercises1"/>
  <testcase name="checkTheFirstRaceOf2014WasAtAlbertPark" time="1.358" classname="com.ontestautomation.restassured.workshop.answers.RestAssuredExercises1"/>
  <testcase name="checkThereWasARaceAtSilverstoneIn2014" time="0.136" classname="com.ontestautomation.restassured.workshop.answers.RestAssuredExercises1"/>
  <testcase name="checkThereWasNoRaceAtNurburgringIn2014" time="0.122" classname="com.ontestautomation.restassured.workshop.answers.RestAssuredExercises1"/>
</testsuite> <!-- Default test -->
