<?xml version="1.0" encoding="UTF-8"?>
<!-- Generated by org.testng.reporters.JUnitXMLReporter -->
<testsuite hostname="Bas" name="Default test" tests="6" failures="0" timestamp="10 Aug 2016 20:41:52 GMT" time="3.75" errors="0">
  <testcase name="checkResponseCodeForCorrectRequest" time="2.078" classname="com.ontestautomation.restassured.workshop.answers.RestAssuredExercises1"/>
  <testcase name="checkResponseCodeForIncorrectRequest" time="0.141" classname="com.ontestautomation.restassured.workshop.answers.RestAssuredExercises1"/>
  <testcase name="checkResponseContentTypeJson" time="0.125" classname="com.ontestautomation.restassured.workshop.answers.RestAssuredExercises1"/>
  <testcase name="checkTheFirstRaceOf2014WasAtAlbertPark" time="0.937" classname="com.ontestautomation.restassured.workshop.answers.RestAssuredExercises1"/>
  <testcase name="checkThereWasARaceAtSilverstoneIn2014" time="0.281" classname="com.ontestautomation.restassured.workshop.answers.RestAssuredExercises1"/>
  <testcase name="checkThereWasNoRaceAtNurburgringIn2014" time="0.141" classname="com.ontestautomation.restassured.workshop.answers.RestAssuredExercises1"/>
</testsuite> <!-- Default test -->
